e:\computer_stuff\sviluppo\my_packer\my_packer\stub\debug\vc141.pdb
e:\computer_stuff\sviluppo\my_packer\my_packer\stub\debug\vc141.idb
e:\computer_stuff\sviluppo\my_packer\my_packer\stub\debug\stub.obj
e:\computer_stuff\sviluppo\my_packer\my_packer\stub\debug\loadpe.obj
e:\computer_stuff\sviluppo\my_packer\my_packer\stub\debug\extractpayload.obj
e:\computer_stuff\sviluppo\my_packer\my_packer\stub\debug\apifinder.obj
e:\computer_stuff\sviluppo\my_packer\my_packer\stub\debug\api.obj
e:\computer_stuff\sviluppo\my_packer\my_packer\stub\debug\compress.obj
e:\computer_stuff\sviluppo\my_packer\my_packer\stub\debug\decompression.obj
e:\computer_stuff\sviluppo\my_packer\my_packer\stub\debug\xorenc.obj
e:\computer_stuff\sviluppo\my_packer\my_packer\debug\stub.ilk
e:\computer_stuff\sviluppo\my_packer\my_packer\debug\stub.exe
e:\computer_stuff\sviluppo\my_packer\my_packer\debug\stub.pdb
e:\computer_stuff\sviluppo\my_packer\my_packer\stub\debug\stub.res
e:\computer_stuff\sviluppo\my_packer\my_packer\stub\debug\stub.tlog\cl.command.1.tlog
e:\computer_stuff\sviluppo\my_packer\my_packer\stub\debug\stub.tlog\cl.read.1.tlog
e:\computer_stuff\sviluppo\my_packer\my_packer\stub\debug\stub.tlog\cl.write.1.tlog
e:\computer_stuff\sviluppo\my_packer\my_packer\stub\debug\stub.tlog\link.command.1.tlog
e:\computer_stuff\sviluppo\my_packer\my_packer\stub\debug\stub.tlog\link.read.1.tlog
e:\computer_stuff\sviluppo\my_packer\my_packer\stub\debug\stub.tlog\link.write.1.tlog
e:\computer_stuff\sviluppo\my_packer\my_packer\stub\debug\stub.tlog\rc.command.1.tlog
e:\computer_stuff\sviluppo\my_packer\my_packer\stub\debug\stub.tlog\rc.read.1.tlog
e:\computer_stuff\sviluppo\my_packer\my_packer\stub\debug\stub.tlog\rc.write.1.tlog
