e:\computer_stuff\sviluppo\my_packer\my_packer\my_packer\debug\vc141.pdb
e:\computer_stuff\sviluppo\my_packer\my_packer\my_packer\debug\vc141.idb
e:\computer_stuff\sviluppo\my_packer\my_packer\my_packer\debug\stubgenerator.obj
e:\computer_stuff\sviluppo\my_packer\my_packer\my_packer\debug\my_packer.obj
e:\computer_stuff\sviluppo\my_packer\my_packer\my_packer\debug\loadpe.obj
e:\computer_stuff\sviluppo\my_packer\my_packer\my_packer\debug\compress.obj
e:\computer_stuff\sviluppo\my_packer\my_packer\my_packer\debug\xorenc.obj
e:\computer_stuff\sviluppo\my_packer\my_packer\debug\my_packer.exe
e:\computer_stuff\sviluppo\my_packer\my_packer\debug\my_packer.ilk
e:\computer_stuff\sviluppo\my_packer\my_packer\debug\my_packer.pdb
e:\computer_stuff\sviluppo\my_packer\my_packer\my_packer\debug\my_packer.res
e:\computer_stuff\sviluppo\my_packer\my_packer\my_packer\debug\my_packer.tlog\cl.command.1.tlog
e:\computer_stuff\sviluppo\my_packer\my_packer\my_packer\debug\my_packer.tlog\cl.read.1.tlog
e:\computer_stuff\sviluppo\my_packer\my_packer\my_packer\debug\my_packer.tlog\cl.write.1.tlog
e:\computer_stuff\sviluppo\my_packer\my_packer\my_packer\debug\my_packer.tlog\link.command.1.tlog
e:\computer_stuff\sviluppo\my_packer\my_packer\my_packer\debug\my_packer.tlog\link.read.1.tlog
e:\computer_stuff\sviluppo\my_packer\my_packer\my_packer\debug\my_packer.tlog\link.write.1.tlog
e:\computer_stuff\sviluppo\my_packer\my_packer\my_packer\debug\my_packer.tlog\rc.command.1.tlog
e:\computer_stuff\sviluppo\my_packer\my_packer\my_packer\debug\my_packer.tlog\rc.read.1.tlog
e:\computer_stuff\sviluppo\my_packer\my_packer\my_packer\debug\my_packer.tlog\rc.write.1.tlog
