e:\computer_stuff\sviluppo\my_packer\my_packer\stub\release\vc141.pdb
e:\computer_stuff\sviluppo\my_packer\my_packer\stub\release\stub.obj
e:\computer_stuff\sviluppo\my_packer\my_packer\stub\release\loadpe.obj
e:\computer_stuff\sviluppo\my_packer\my_packer\stub\release\extractpayload.obj
e:\computer_stuff\sviluppo\my_packer\my_packer\stub\release\decompression.obj
e:\computer_stuff\sviluppo\my_packer\my_packer\stub\release\apifinder.obj
e:\computer_stuff\sviluppo\my_packer\my_packer\stub\release\api.obj
e:\computer_stuff\sviluppo\my_packer\my_packer\stub\release\xorenc.obj
e:\computer_stuff\sviluppo\my_packer\my_packer\release\stub.exe
e:\computer_stuff\sviluppo\my_packer\my_packer\stub\release\stub.res
e:\computer_stuff\sviluppo\my_packer\my_packer\release\stub.ipdb
e:\computer_stuff\sviluppo\my_packer\my_packer\release\stub.iobj
e:\computer_stuff\sviluppo\my_packer\my_packer\stub\release\stub.tlog\cl.command.1.tlog
e:\computer_stuff\sviluppo\my_packer\my_packer\stub\release\stub.tlog\cl.read.1.tlog
e:\computer_stuff\sviluppo\my_packer\my_packer\stub\release\stub.tlog\cl.write.1.tlog
e:\computer_stuff\sviluppo\my_packer\my_packer\stub\release\stub.tlog\link.command.1.tlog
e:\computer_stuff\sviluppo\my_packer\my_packer\stub\release\stub.tlog\link.read.1.tlog
e:\computer_stuff\sviluppo\my_packer\my_packer\stub\release\stub.tlog\link.write.1.tlog
e:\computer_stuff\sviluppo\my_packer\my_packer\stub\release\stub.tlog\rc.command.1.tlog
e:\computer_stuff\sviluppo\my_packer\my_packer\stub\release\stub.tlog\rc.read.1.tlog
e:\computer_stuff\sviluppo\my_packer\my_packer\stub\release\stub.tlog\rc.write.1.tlog
e:\computer_stuff\sviluppo\my_packer\my_packer\stub\release\stub.tlog\stub.write.1u.tlog
