e:\computer_stuff\sviluppo\my_packer\my_packer\my_packer\release\vc141.pdb
e:\computer_stuff\sviluppo\my_packer\my_packer\my_packer\release\stubgenerator.obj
e:\computer_stuff\sviluppo\my_packer\my_packer\my_packer\release\my_packer.obj
e:\computer_stuff\sviluppo\my_packer\my_packer\my_packer\release\xorenc.obj
e:\computer_stuff\sviluppo\my_packer\my_packer\my_packer\release\compress.obj
e:\computer_stuff\sviluppo\my_packer\my_packer\release\my_packer.exe
e:\computer_stuff\sviluppo\my_packer\my_packer\release\my_packer.pdb
e:\computer_stuff\sviluppo\my_packer\my_packer\release\my_packer.ipdb
e:\computer_stuff\sviluppo\my_packer\my_packer\release\my_packer.iobj
e:\computer_stuff\sviluppo\my_packer\my_packer\my_packer\release\my_packer.res
e:\computer_stuff\sviluppo\my_packer\my_packer\my_packer\release\my_packer.tlog\cl.command.1.tlog
e:\computer_stuff\sviluppo\my_packer\my_packer\my_packer\release\my_packer.tlog\cl.read.1.tlog
e:\computer_stuff\sviluppo\my_packer\my_packer\my_packer\release\my_packer.tlog\cl.write.1.tlog
e:\computer_stuff\sviluppo\my_packer\my_packer\my_packer\release\my_packer.tlog\link.command.1.tlog
e:\computer_stuff\sviluppo\my_packer\my_packer\my_packer\release\my_packer.tlog\link.read.1.tlog
e:\computer_stuff\sviluppo\my_packer\my_packer\my_packer\release\my_packer.tlog\link.write.1.tlog
e:\computer_stuff\sviluppo\my_packer\my_packer\my_packer\release\my_packer.tlog\my_packer.write.1u.tlog
e:\computer_stuff\sviluppo\my_packer\my_packer\my_packer\release\my_packer.tlog\rc.command.1.tlog
e:\computer_stuff\sviluppo\my_packer\my_packer\my_packer\release\my_packer.tlog\rc.read.1.tlog
e:\computer_stuff\sviluppo\my_packer\my_packer\my_packer\release\my_packer.tlog\rc.write.1.tlog
